<?xml version="1.0" encoding="UTF-8"?>
<!-- Generated by org.testng.reporters.JUnitXMLReporter -->
<testsuite ignored="0" hostname="DESKTOP-92VFLVU" failures="0" tests="4" name="Default test" time="7.093" errors="0" timestamp="2025-04-02T23:58:45 ICT">
  <testcase classname="HTTPRequest" name="getUser" time="3.579"/>
  <testcase classname="HTTPRequest" name="createUser" time="1.053"/>
  <testcase classname="HTTPRequest" name="updateUser" time="1.05"/>
  <testcase classname="HTTPRequest" name="deleteUser" time="1.338"/>
</testsuite> <!-- Default test -->
