<?xml version="1.0" encoding="UTF-8"?>
<testng-results ignored="0" total="1" passed="1" failed="0" skipped="0">
  <reporter-output>
  </reporter-output>
  <suite started-at="2025-04-08T14:49:10 ICT" name="Default suite" finished-at="2025-04-08T14:49:13 ICT" duration-ms="2575">
    <groups>
    </groups>
    <test started-at="2025-04-08T14:49:10 ICT" name="Default test" finished-at="2025-04-08T14:49:13 ICT" duration-ms="2575">
      <class name="day3.body">
        <test-method signature="testCookies()[pri:1, instance:day3.body@4d5d943d]" started-at="2025-04-08T14:49:10 ICT" name="testCookies" finished-at="2025-04-08T14:49:13 ICT" duration-ms="2533" status="PASS">
          <reporter-output>
          </reporter-output>
        </test-method> <!-- testCookies -->
      </class> <!-- day3.body -->
    </test> <!-- Default test -->
  </suite> <!-- Default suite -->
</testng-results>
